{"/Users/tuziliji/Desktop/SamllProject/MD-Readable/src/core/exporter.js": {"path":"/Users/tuziliji/Desktop/SamllProject/MD-Readable/src/core/exporter.js","statementMap":{"0":{"start":{"line":15,"column":25},"end":{"line":21,"column":3}},"1":{"start":{"line":23,"column":24},"end":{"line":23,"column":57}},"2":{"start":{"line":25,"column":2},"end":{"line":31,"column":3}},"3":{"start":{"line":26,"column":19},"end":{"line":26,"column":60}},"4":{"start":{"line":27,"column":4},"end":{"line":27,"column":41}},"5":{"start":{"line":29,"column":4},"end":{"line":29,"column":37}},"6":{"start":{"line":30,"column":4},"end":{"line":30,"column":49}},"7":{"start":{"line":41,"column":25},"end":{"line":53,"column":3}},"8":{"start":{"line":55,"column":24},"end":{"line":55,"column":57}},"9":{"start":{"line":57,"column":2},"end":{"line":100,"column":3}},"10":{"start":{"line":59,"column":19},"end":{"line":65,"column":6}},"11":{"start":{"line":68,"column":16},"end":{"line":72,"column":6}},"12":{"start":{"line":75,"column":20},"end":{"line":75,"column":49}},"13":{"start":{"line":76,"column":21},"end":{"line":76,"column":110}},"14":{"start":{"line":77,"column":22},"end":{"line":77,"column":63}},"15":{"start":{"line":79,"column":21},"end":{"line":79,"column":30}},"16":{"start":{"line":80,"column":19},"end":{"line":80,"column":43}},"17":{"start":{"line":81,"column":21},"end":{"line":81,"column":111}},"18":{"start":{"line":84,"column":4},"end":{"line":84,"column":91}},"19":{"start":{"line":85,"column":4},"end":{"line":85,"column":29}},"20":{"start":{"line":88,"column":4},"end":{"line":93,"column":5}},"21":{"start":{"line":89,"column":6},"end":{"line":89,"column":19}},"22":{"start":{"line":90,"column":6},"end":{"line":90,"column":20}},"23":{"start":{"line":91,"column":6},"end":{"line":91,"column":118}},"24":{"start":{"line":92,"column":6},"end":{"line":92,"column":31}},"25":{"start":{"line":96,"column":4},"end":{"line":96,"column":30}},"26":{"start":{"line":98,"column":4},"end":{"line":98,"column":37}},"27":{"start":{"line":99,"column":4},"end":{"line":99,"column":49}},"28":{"start":{"line":112,"column":2},"end":{"line":153,"column":3}},"29":{"start":{"line":114,"column":24},"end":{"line":114,"column":41}},"30":{"start":{"line":117,"column":18},"end":{"line":117,"column":46}},"31":{"start":{"line":118,"column":16},"end":{"line":118,"column":54}},"32":{"start":{"line":121,"column":17},"end":{"line":121,"column":48}},"33":{"start":{"line":122,"column":4},"end":{"line":122,"column":42}},"34":{"start":{"line":123,"column":4},"end":{"line":123,"column":44}},"35":{"start":{"line":124,"column":4},"end":{"line":124,"column":68}},"36":{"start":{"line":127,"column":26},"end":{"line":127,"column":74}},"37":{"start":{"line":128,"column":4},"end":{"line":128,"column":48}},"38":{"start":{"line":129,"column":4},"end":{"line":129,"column":49}},"39":{"start":{"line":130,"column":4},"end":{"line":130,"column":41}},"40":{"start":{"line":131,"column":4},"end":{"line":131,"column":41}},"41":{"start":{"line":134,"column":16},"end":{"line":134,"column":45}},"42":{"start":{"line":135,"column":4},"end":{"line":135,"column":32}},"43":{"start":{"line":136,"column":4},"end":{"line":136,"column":35}},"44":{"start":{"line":139,"column":4},"end":{"line":139,"column":35}},"45":{"start":{"line":142,"column":23},"end":{"line":142,"column":42}},"46":{"start":{"line":143,"column":20},"end":{"line":143,"column":53}},"47":{"start":{"line":146,"column":4},"end":{"line":146,"column":70}},"48":{"start":{"line":149,"column":4},"end":{"line":149,"column":79}},"49":{"start":{"line":151,"column":4},"end":{"line":151,"column":37}},"50":{"start":{"line":152,"column":4},"end":{"line":152,"column":49}},"51":{"start":{"line":162,"column":15},"end":{"line":162,"column":42}},"52":{"start":{"line":164,"column":2},"end":{"line":168,"column":3}},"53":{"start":{"line":165,"column":4},"end":{"line":165,"column":42}},"54":{"start":{"line":167,"column":4},"end":{"line":167,"column":21}},"55":{"start":{"line":170,"column":2},"end":{"line":170,"column":27}},"56":{"start":{"line":171,"column":2},"end":{"line":171,"column":30}},"57":{"start":{"line":173,"column":2},"end":{"line":173,"column":34}},"58":{"start":{"line":174,"column":2},"end":{"line":174,"column":15}},"59":{"start":{"line":176,"column":2},"end":{"line":181,"column":10}},"60":{"start":{"line":177,"column":4},"end":{"line":177,"column":36}},"61":{"start":{"line":178,"column":4},"end":{"line":180,"column":5}},"62":{"start":{"line":179,"column":6},"end":{"line":179,"column":37}}},"fnMap":{"0":{"name":"exportToPNG","decl":{"start":{"line":14,"column":22},"end":{"line":14,"column":33}},"loc":{"start":{"line":14,"column":57},"end":{"line":32,"column":1}},"line":14},"1":{"name":"exportToPDF","decl":{"start":{"line":40,"column":22},"end":{"line":40,"column":33}},"loc":{"start":{"line":40,"column":57},"end":{"line":101,"column":1}},"line":40},"2":{"name":"exportToSVG","decl":{"start":{"line":111,"column":22},"end":{"line":111,"column":33}},"loc":{"start":{"line":111,"column":57},"end":{"line":154,"column":1}},"line":111},"3":{"name":"downloadFile","decl":{"start":{"line":161,"column":16},"end":{"line":161,"column":28}},"loc":{"start":{"line":161,"column":45},"end":{"line":182,"column":1}},"line":161},"4":{"name":"(anonymous_4)","decl":{"start":{"line":176,"column":13},"end":{"line":176,"column":14}},"loc":{"start":{"line":176,"column":19},"end":{"line":181,"column":3}},"line":176}},"branchMap":{"0":{"loc":{"start":{"line":14,"column":43},"end":{"line":14,"column":55}},"type":"default-arg","locations":[{"start":{"line":14,"column":53},"end":{"line":14,"column":55}}],"line":14},"1":{"loc":{"start":{"line":40,"column":43},"end":{"line":40,"column":55}},"type":"default-arg","locations":[{"start":{"line":40,"column":53},"end":{"line":40,"column":55}}],"line":40},"2":{"loc":{"start":{"line":111,"column":43},"end":{"line":111,"column":55}},"type":"default-arg","locations":[{"start":{"line":111,"column":53},"end":{"line":111,"column":55}}],"line":111},"3":{"loc":{"start":{"line":164,"column":2},"end":{"line":168,"column":3}},"type":"if","locations":[{"start":{"line":164,"column":2},"end":{"line":168,"column":3}},{"start":{"line":166,"column":9},"end":{"line":168,"column":3}}],"line":164},"4":{"loc":{"start":{"line":178,"column":4},"end":{"line":180,"column":5}},"type":"if","locations":[{"start":{"line":178,"column":4},"end":{"line":180,"column":5}},{"start":{},"end":{}}],"line":178}},"s":{"0":2,"1":2,"2":2,"3":2,"4":1,"5":1,"6":1,"7":2,"8":2,"9":2,"10":2,"11":1,"12":1,"13":1,"14":1,"15":1,"16":1,"17":1,"18":1,"19":1,"20":1,"21":0,"22":0,"23":0,"24":0,"25":1,"26":1,"27":1,"28":0,"29":0,"30":0,"31":0,"32":0,"33":0,"34":0,"35":0,"36":0,"37":0,"38":0,"39":0,"40":0,"41":0,"42":0,"43":0,"44":0,"45":0,"46":0,"47":0,"48":0,"49":0,"50":0,"51":3,"52":3,"53":1,"54":2,"55":3,"56":3,"57":3,"58":3,"59":3,"60":3,"61":3,"62":1},"f":{"0":2,"1":2,"2":0,"3":3,"4":3},"b":{"0":[2],"1":[2],"2":[0],"3":[1,2],"4":[1,2]},"_coverageSchema":"1a1c01bbd47fc00a2c39e90264f33305004495a9","hash":"371b2036b90500d7a61c5170af9a1319131c3088"}
}
