TN:
SF:src/core/exporter.js
FN:14,exportToPNG
FN:40,exportToPDF
FN:111,exportToSVG
FN:161,downloadFile
FN:176,(anonymous_4)
FNF:5
FNH:4
FNDA:2,exportToPNG
FNDA:2,exportToPDF
FNDA:0,exportToSVG
FNDA:3,downloadFile
FNDA:3,(anonymous_4)
DA:15,2
DA:23,2
DA:25,2
DA:26,2
DA:27,1
DA:29,1
DA:30,1
DA:41,2
DA:55,2
DA:57,2
DA:59,2
DA:68,1
DA:75,1
DA:76,1
DA:77,1
DA:79,1
DA:80,1
DA:81,1
DA:84,1
DA:85,1
DA:88,1
DA:89,0
DA:90,0
DA:91,0
DA:92,0
DA:96,1
DA:98,1
DA:99,1
DA:112,0
DA:114,0
DA:117,0
DA:118,0
DA:121,0
DA:122,0
DA:123,0
DA:124,0
DA:127,0
DA:128,0
DA:129,0
DA:130,0
DA:131,0
DA:134,0
DA:135,0
DA:136,0
DA:139,0
DA:142,0
DA:143,0
DA:146,0
DA:149,0
DA:151,0
DA:152,0
DA:162,3
DA:164,3
DA:165,1
DA:167,2
DA:170,3
DA:171,3
DA:173,3
DA:174,3
DA:176,3
DA:177,3
DA:178,3
DA:179,1
LF:63
LH:36
BRDA:14,0,0,2
BRDA:40,1,0,2
BRDA:111,2,0,0
BRDA:164,3,0,1
BRDA:164,3,1,2
BRDA:178,4,0,1
BRDA:178,4,1,2
BRF:7
BRH:6
end_of_record
